#
# There is insufficient memory for the Java Runtime Environment to continue.
# Native memory allocation (mmap) failed to map 77070336 bytes for committing reserved memory.
# Possible reasons:
#   The system is out of physical RAM or swap space
#   The process is running with CompressedOops enabled, and the Java Heap may be blocking the growth of the native heap
# Possible solutions:
#   Reduce memory load on the system
#   Increase physical memory or swap space
#   Check if swap backing store is full
#   Decrease Java heap size (-Xmx/-Xms)
#   Decrease number of Java threads
#   Decrease Java thread stack sizes (-Xss)
#   Set larger code cache with -XX:ReservedCodeCacheSize=
#   JVM is running with Unscaled Compressed Oops mode in which the Java heap is
#     placed in the first 4GB address space. The Java Heap base address is the
#     maximum limit for the native heap growth. Please use -XX:HeapBaseMinAddress
#     to set the Java Heap base and to place the Java Heap above 4GB virtual address.
# This output file may be truncated or incomplete.
#
#  Out of Memory Error (os_linux.cpp:2756), pid=28440, tid=0x00007f813a515700
#
# JRE version: OpenJDK Runtime Environment (8.0_212-b03) (build 1.8.0_212-8u212-b03-0ubuntu1.18.04.1-b03)
# Java VM: OpenJDK 64-Bit Server VM (25.212-b03 mixed mode linux-amd64 compressed oops)
# Failed to write core dump. Core dumps have been disabled. To enable core dumping, try "ulimit -c unlimited" before starting Java again
#

---------------  T H R E A D  ---------------

Current thread (0x00007f815807d000):  VMThread [stack: 0x00007f813a416000,0x00007f813a516000] [id=28453]

Stack: [0x00007f813a416000,0x00007f813a516000],  sp=0x00007f813a5144a0,  free space=1017k
Native frames: (J=compiled Java code, j=interpreted, Vv=VM code, C=native code)
V  [libjvm.so+0xab46a2]
V  [libjvm.so+0x4db6b7]
V  [libjvm.so+0x8ef7b0]
V  [libjvm.so+0x8e68ce]
V  [libjvm.so+0x96a406]
V  [libjvm.so+0x96b778]
V  [libjvm.so+0x967d76]
V  [libjvm.so+0x96810c]
V  [libjvm.so+0x916928]
V  [libjvm.so+0xab6372]
V  [libjvm.so+0xabaea6]
V  [libjvm.so+0xab91e5]
V  [libjvm.so+0xab9abd]
V  [libjvm.so+0xab9e97]
V  [libjvm.so+0x8ecb42]

VM_Operation (0x00007f80f27fa3e0): ParallelGCFailedAllocation, mode: safepoint, requested by thread 0x00007f80e08c2800


---------------  P R O C E S S  ---------------

Java Threads: ( => current thread )
  0x00007f815800f800 JavaThread "DestroyJavaVM" [_thread_blocked, id=28444, stack(0x00007f815f5e8000,0x00007f815f6e8000)]
  0x00007f80e1111000 JavaThread "http-nio-9090-Acceptor-0" daemon [_thread_in_native, id=28511, stack(0x00007f80c7eff000,0x00007f80c8000000)]
  0x00007f80e110e000 JavaThread "http-nio-9090-ClientPoller-1" daemon [_thread_blocked, id=28510, stack(0x00007f80f00e7000,0x00007f80f01e8000)]
  0x00007f80e10ff000 JavaThread "http-nio-9090-ClientPoller-0" daemon [_thread_blocked, id=28509, stack(0x00007f80f01e8000,0x00007f80f02e9000)]
  0x00007f80e10f0000 JavaThread "http-nio-9090-exec-10" daemon [_thread_blocked, id=28508, stack(0x00007f80f02e9000,0x00007f80f03ea000)]
  0x00007f80e10ee000 JavaThread "http-nio-9090-exec-9" daemon [_thread_blocked, id=28507, stack(0x00007f80f03ea000,0x00007f80f04eb000)]
  0x00007f80e10ec000 JavaThread "http-nio-9090-exec-8" daemon [_thread_blocked, id=28506, stack(0x00007f80f04eb000,0x00007f80f05ec000)]
  0x00007f80e10ea000 JavaThread "http-nio-9090-exec-7" daemon [_thread_blocked, id=28505, stack(0x00007f80f05ec000,0x00007f80f06ed000)]
  0x00007f80e10e8000 JavaThread "http-nio-9090-exec-6" daemon [_thread_blocked, id=28504, stack(0x00007f80f06ed000,0x00007f80f07ee000)]
  0x00007f80e10e6000 JavaThread "http-nio-9090-exec-5" daemon [_thread_blocked, id=28503, stack(0x00007f80f07ee000,0x00007f80f08ef000)]
  0x00007f80e10e4000 JavaThread "http-nio-9090-exec-4" daemon [_thread_blocked, id=28502, stack(0x00007f80f08ef000,0x00007f80f09f0000)]
  0x00007f80e10e2000 JavaThread "http-nio-9090-exec-3" daemon [_thread_blocked, id=28501, stack(0x00007f80f09f0000,0x00007f80f0af1000)]
  0x00007f80e10e0000 JavaThread "http-nio-9090-exec-2" daemon [_thread_blocked, id=28500, stack(0x00007f80f0af1000,0x00007f80f0bf2000)]
  0x00007f80e10df000 JavaThread "http-nio-9090-exec-1" daemon [_thread_blocked, id=28499, stack(0x00007f80f0bf2000,0x00007f80f0cf3000)]
  0x00007f80e10dc800 JavaThread "NioBlockingSelector.BlockPoller-1" daemon [_thread_blocked, id=28498, stack(0x00007f80f0cf3000,0x00007f80f0df4000)]
  0x00007f80e10c2800 JavaThread "File Watcher" daemon [_thread_blocked, id=28497, stack(0x00007f80f0df4000,0x00007f80f0ef5000)]
  0x00007f80e0e09000 JavaThread "Live Reload Server" daemon [_thread_in_native, id=28496, stack(0x00007f80f14f5000,0x00007f80f15f6000)]
  0x00007f80e09be000 JavaThread "HikariPool-1 housekeeper" daemon [_thread_blocked, id=28491, stack(0x00007f80f20f7000,0x00007f80f21f8000)]
  0x00007f80e08f3000 JavaThread "mysql-cj-abandoned-connection-cleanup" daemon [_thread_blocked, id=28490, stack(0x00007f80f23f8000,0x00007f80f24f9000)]
  0x00007f80e08c3800 JavaThread "container-0" [_thread_blocked, id=28489, stack(0x00007f80f24f9000,0x00007f80f25fa000)]
  0x00007f80d0004000 JavaThread "Catalina-utility-2" [_thread_blocked, id=28488, stack(0x00007f80f25fa000,0x00007f80f26fb000)]
  0x00007f80e08c2800 JavaThread "Catalina-utility-1" [_thread_blocked, id=28487, stack(0x00007f80f26fb000,0x00007f80f27fc000)]
  0x00007f80d8031000 JavaThread "JMX server connection timeout 24" daemon [_thread_blocked, id=28485, stack(0x00007f80f2bfc000,0x00007f80f2cfd000)]
  0x00007f8108001000 JavaThread "RMI TCP Connection(3)-127.0.0.1" daemon [_thread_blocked, id=28484, stack(0x00007f80f32fd000,0x00007f80f33fe000)]
  0x00007f811c001000 JavaThread "Attach Listener" daemon [_thread_blocked, id=28479, stack(0x00007f80f3bfe000,0x00007f80f3cff000)]
  0x00007f80f8007800 JavaThread "JMX server connection timeout 16" daemon [_thread_blocked, id=28472, stack(0x00007f81381ff000,0x00007f8138300000)]
  0x00007f8110001800 JavaThread "RMI TCP Connection(2)-127.0.0.1" daemon [_thread_blocked, id=28471, stack(0x00007f8138300000,0x00007f8138401000)]
  0x00007f810000a000 JavaThread "RMI Scheduler(0)" daemon [_thread_blocked, id=28468, stack(0x00007f8138401000,0x00007f8138502000)]
  0x00007f8104001800 JavaThread "RMI TCP Connection(1)-127.0.0.1" daemon [_thread_blocked, id=28467, stack(0x00007f8138502000,0x00007f8138603000)]
  0x00007f8158574800 JavaThread "RMI TCP Accept-0" daemon [_thread_in_native, id=28465, stack(0x00007f8138704000,0x00007f8138805000)]
  0x00007f8158564000 JavaThread "RMI TCP Accept-46081" daemon [_thread_blocked, id=28464, stack(0x00007f8138805000,0x00007f8138906000)]
  0x00007f815854f000 JavaThread "RMI TCP Accept-0" daemon [_thread_in_native, id=28463, stack(0x00007f8138906000,0x00007f8138a07000)]
  0x00007f81580c5800 JavaThread "Service Thread" daemon [_thread_blocked, id=28462, stack(0x00007f813933f000,0x00007f8139440000)]
  0x00007f81580c2000 JavaThread "C1 CompilerThread2" daemon [_thread_blocked, id=28461, stack(0x00007f8139441000,0x00007f8139541000)]
  0x00007f81580c0800 JavaThread "C2 CompilerThread1" daemon [_thread_blocked, id=28460, stack(0x00007f8139542000,0x00007f8139642000)]
  0x00007f81580bd800 JavaThread "C2 CompilerThread0" daemon [_thread_blocked, id=28459, stack(0x00007f8139643000,0x00007f8139743000)]
  0x00007f81580bc000 JavaThread "Signal Dispatcher" daemon [_thread_blocked, id=28458, stack(0x00007f8139743000,0x00007f8139844000)]
  0x00007f8158089800 JavaThread "Finalizer" daemon [_thread_blocked, id=28457, stack(0x00007f813a213000,0x00007f813a314000)]
  0x00007f8158087000 JavaThread "Reference Handler" daemon [_thread_blocked, id=28456, stack(0x00007f813a314000,0x00007f813a415000)]

Other Threads:
=>0x00007f815807d000 VMThread [stack: 0x00007f813a416000,0x00007f813a516000] [id=28453]
  0x00007f8158576000 WatcherThread [stack: 0x00007f8138604000,0x00007f8138704000] [id=28466]

VM state:at safepoint (normal execution)

VM Mutex/Monitor currently owned by a thread:  ([mutex/lock_event])
[0x00007f815800be50] Threads_lock - owner thread: 0x00007f815807d000
[0x00007f815800c350] Heap_lock - owner thread: 0x00007f80e08c2800

heap address: 0x0000000084a00000, size: 1974 MB, Compressed Oops mode: 32-bit
Narrow klass base: 0x0000000000000000, Narrow klass shift: 3
Compressed class space size: 1073741824 Address: 0x0000000100000000

Heap:
 PSYoungGen      total 228864K, used 10539K [0x00000000d6e00000, 0x00000000e7080000, 0x0000000100000000)
  eden space 209408K, 0% used [0x00000000d6e00000,0x00000000d6e00000,0x00000000e3a80000)
  from space 19456K, 54% used [0x00000000e4a80000,0x00000000e54caf10,0x00000000e5d80000)
  to   space 16384K, 0% used [0x00000000e6080000,0x00000000e6080000,0x00000000e7080000)
 ParOldGen       total 89088K, used 27318K [0x0000000084a00000, 0x000000008a100000, 0x00000000d6e00000)
  object space 89088K, 30% used [0x0000000084a00000,0x00000000864adb88,0x000000008a100000)
 Metaspace       used 51391K, capacity 54414K, committed 54568K, reserved 1095680K
  class space    used 7118K, capacity 7666K, committed 7728K, reserved 1048576K

Card table byte_map: [0x00007f814865b000,0x00007f8148a37000] byte_map_base: 0x00007f8148236000

Marking Bits: (ParMarkBitMap*) 0x00007f815e8823c0
 Begin Bits: [0x00007f8140250000, 0x00007f8142128000)
 End Bits:   [0x00007f8142128000, 0x00007f8144000000)

Polling page: 0x00007f815f703000

CodeCache: size=245760Kb used=9828Kb max_used=9828Kb free=235931Kb
 bounds [0x00007f8148df7000, 0x00007f8149797000, 0x00007f8157df7000]
 total_blobs=5535 nmethods=5017 adapters=431
 compilation: enabled

Compilation events (10 events):
Event: 6.208 Thread 0x00007f81580c2000 5013       1       java.util.Calendar::get (10 bytes)
Event: 6.208 Thread 0x00007f81580c2000 nmethod 5013 0x00007f814978cc90 code [0x00007f814978ce00, 0x00007f814978cf68]
Event: 6.210 Thread 0x00007f81580c2000 5014       1       org.springframework.core.OrderComparator::getOrder (115 bytes)
Event: 6.210 Thread 0x00007f81580c2000 nmethod 5014 0x00007f814978d090 code [0x00007f814978d240, 0x00007f814978d558]
Event: 6.210 Thread 0x00007f81580c2000 5015       1       org.springframework.core.annotation.OrderUtils::getOrder (85 bytes)
Event: 6.211 Thread 0x00007f81580c2000 nmethod 5015 0x00007f814978d7d0 code [0x00007f814978d9e0, 0x00007f814978df98]
Event: 6.214 Thread 0x00007f81580c2000 5016       1       org.springframework.core.ResolvableType::isAssignableFrom (407 bytes)
Event: 6.216 Thread 0x00007f81580c2000 nmethod 5016 0x00007f814978e5d0 code [0x00007f814978e8a0, 0x00007f814978f3c8]
Event: 9.751 Thread 0x00007f81580c2000 5017       1       java.io.File::isFile (43 bytes)
Event: 10.052 Thread 0x00007f81580c2000 nmethod 5017 0x00007f814978fd90 code [0x00007f814978ff20, 0x00007f8149790108]

GC Heap History (10 events):
Event: 2.292 GC heap after
Heap after GC invocations=8 (full 1):
 PSYoungGen      total 130560K, used 9200K [0x00000000d6e00000, 0x00000000e2680000, 0x0000000100000000)
  eden space 121344K, 0% used [0x00000000d6e00000,0x00000000d6e00000,0x00000000de480000)
  from space 9216K, 99% used [0x00000000de480000,0x00000000ded7c278,0x00000000ded80000)
  to   space 11264K, 0% used [0x00000000e1b80000,0x00000000e1b80000,0x00000000e2680000)
 ParOldGen       total 55296K, used 9758K [0x0000000084a00000, 0x0000000088000000, 0x00000000d6e00000)
  object space 55296K, 17% used [0x0000000084a00000,0x0000000085387b30,0x0000000088000000)
 Metaspace       used 25043K, capacity 26116K, committed 26160K, reserved 1071104K
  class space    used 3344K, capacity 3600K, committed 3632K, reserved 1048576K
}
Event: 2.927 GC heap before
{Heap before GC invocations=9 (full 1):
 PSYoungGen      total 130560K, used 130544K [0x00000000d6e00000, 0x00000000e2680000, 0x0000000100000000)
  eden space 121344K, 100% used [0x00000000d6e00000,0x00000000de480000,0x00000000de480000)
  from space 9216K, 99% used [0x00000000de480000,0x00000000ded7c278,0x00000000ded80000)
  to   space 11264K, 0% used [0x00000000e1b80000,0x00000000e1b80000,0x00000000e2680000)
 ParOldGen       total 55296K, used 9758K [0x0000000084a00000, 0x0000000088000000, 0x00000000d6e00000)
  object space 55296K, 17% used [0x0000000084a00000,0x0000000085387b30,0x0000000088000000)
 Metaspace       used 29408K, capacity 31074K, committed 31152K, reserved 1077248K
  class space    used 3905K, capacity 4253K, committed 4272K, reserved 1048576K
Event: 2.952 GC heap after
Heap after GC invocations=9 (full 1):
 PSYoungGen      total 175616K, used 11241K [0x00000000d6e00000, 0x00000000e4880000, 0x0000000100000000)
  eden space 164352K, 0% used [0x00000000d6e00000,0x00000000d6e00000,0x00000000e0e80000)
  from space 11264K, 99% used [0x00000000e1b80000,0x00000000e267a670,0x00000000e2680000)
  to   space 13312K, 0% used [0x00000000e0e80000,0x00000000e0e80000,0x00000000e1b80000)
 ParOldGen       total 55296K, used 10682K [0x0000000084a00000, 0x0000000088000000, 0x00000000d6e00000)
  object space 55296K, 19% used [0x0000000084a00000,0x000000008546ea40,0x0000000088000000)
 Metaspace       used 29408K, capacity 31074K, committed 31152K, reserved 1077248K
  class space    used 3905K, capacity 4253K, committed 4272K, reserved 1048576K
}
Event: 3.489 GC heap before
{Heap before GC invocations=10 (full 1):
 PSYoungGen      total 175616K, used 111133K [0x00000000d6e00000, 0x00000000e4880000, 0x0000000100000000)
  eden space 164352K, 60% used [0x00000000d6e00000,0x00000000dcf8ce88,0x00000000e0e80000)
  from space 11264K, 99% used [0x00000000e1b80000,0x00000000e267a670,0x00000000e2680000)
  to   space 13312K, 0% used [0x00000000e0e80000,0x00000000e0e80000,0x00000000e1b80000)
 ParOldGen       total 55296K, used 10682K [0x0000000084a00000, 0x0000000088000000, 0x00000000d6e00000)
  object space 55296K, 19% used [0x0000000084a00000,0x000000008546ea40,0x0000000088000000)
 Metaspace       used 33697K, capacity 35424K, committed 35496K, reserved 1079296K
  class space    used 4353K, capacity 4718K, committed 4784K, reserved 1048576K
Event: 3.531 GC heap after
Heap after GC invocations=10 (full 1):
 PSYoungGen      total 177664K, used 13300K [0x00000000d6e00000, 0x00000000e7080000, 0x0000000100000000)
  eden space 164352K, 0% used [0x00000000d6e00000,0x00000000d6e00000,0x00000000e0e80000)
  from space 13312K, 99% used [0x00000000e0e80000,0x00000000e1b7d270,0x00000000e1b80000)
  to   space 16384K, 0% used [0x00000000e6080000,0x00000000e6080000,0x00000000e7080000)
 ParOldGen       total 55296K, used 13291K [0x0000000084a00000, 0x0000000088000000, 0x00000000d6e00000)
  object space 55296K, 24% used [0x0000000084a00000,0x00000000856fac10,0x0000000088000000)
 Metaspace       used 33697K, capacity 35424K, committed 35496K, reserved 1079296K
  class space    used 4353K, capacity 4718K, committed 4784K, reserved 1048576K
}
Event: 3.531 GC heap before
{Heap before GC invocations=11 (full 2):
 PSYoungGen      total 177664K, used 13300K [0x00000000d6e00000, 0x00000000e7080000, 0x0000000100000000)
  eden space 164352K, 0% used [0x00000000d6e00000,0x00000000d6e00000,0x00000000e0e80000)
  from space 13312K, 99% used [0x00000000e0e80000,0x00000000e1b7d270,0x00000000e1b80000)
  to   space 16384K, 0% used [0x00000000e6080000,0x00000000e6080000,0x00000000e7080000)
 ParOldGen       total 55296K, used 13291K [0x0000000084a00000, 0x0000000088000000, 0x00000000d6e00000)
  object space 55296K, 24% used [0x0000000084a00000,0x00000000856fac10,0x0000000088000000)
 Metaspace       used 33697K, capacity 35424K, committed 35496K, reserved 1079296K
  class space    used 4353K, capacity 4718K, committed 4784K, reserved 1048576K
Event: 3.667 GC heap after
Heap after GC invocations=11 (full 2):
 PSYoungGen      total 177664K, used 0K [0x00000000d6e00000, 0x00000000e7080000, 0x0000000100000000)
  eden space 164352K, 0% used [0x00000000d6e00000,0x00000000d6e00000,0x00000000e0e80000)
  from space 13312K, 0% used [0x00000000e0e80000,0x00000000e0e80000,0x00000000e1b80000)
  to   space 16384K, 0% used [0x00000000e6080000,0x00000000e6080000,0x00000000e7080000)
 ParOldGen       total 89088K, used 20240K [0x0000000084a00000, 0x000000008a100000, 0x00000000d6e00000)
  object space 89088K, 22% used [0x0000000084a00000,0x0000000085dc4028,0x000000008a100000)
 Metaspace       used 33697K, capacity 35424K, committed 35496K, reserved 1079296K
  class space    used 4353K, capacity 4718K, committed 4784K, reserved 1048576K
}
Event: 4.990 GC heap before
{Heap before GC invocations=12 (full 2):
 PSYoungGen      total 177664K, used 164352K [0x00000000d6e00000, 0x00000000e7080000, 0x0000000100000000)
  eden space 164352K, 100% used [0x00000000d6e00000,0x00000000e0e80000,0x00000000e0e80000)
  from space 13312K, 0% used [0x00000000e0e80000,0x00000000e0e80000,0x00000000e1b80000)
  to   space 16384K, 0% used [0x00000000e6080000,0x00000000e6080000,0x00000000e7080000)
 ParOldGen       total 89088K, used 20240K [0x0000000084a00000, 0x000000008a100000, 0x00000000d6e00000)
  object space 89088K, 22% used [0x0000000084a00000,0x0000000085dc4028,0x000000008a100000)
 Metaspace       used 48060K, capacity 50560K, committed 50600K, reserved 1093632K
  class space    used 6632K, capacity 7085K, committed 7088K, reserved 1048576K
Event: 5.007 GC heap after
Heap after GC invocations=12 (full 2):
 PSYoungGen      total 225792K, used 16377K [0x00000000d6e00000, 0x00000000e7080000, 0x0000000100000000)
  eden space 209408K, 0% used [0x00000000d6e00000,0x00000000d6e00000,0x00000000e3a80000)
  from space 16384K, 99% used [0x00000000e6080000,0x00000000e707e530,0x00000000e7080000)
  to   space 19456K, 0% used [0x00000000e4a80000,0x00000000e4a80000,0x00000000e5d80000)
 ParOldGen       total 89088K, used 21838K [0x0000000084a00000, 0x000000008a100000, 0x00000000d6e00000)
  object space 89088K, 24% used [0x0000000084a00000,0x0000000085f53a28,0x000000008a100000)
 Metaspace       used 48060K, capacity 50560K, committed 50600K, reserved 1093632K
  class space    used 6632K, capacity 7085K, committed 7088K, reserved 1048576K
}
Event: 10.309 GC heap before
{Heap before GC invocations=13 (full 2):
 PSYoungGen      total 225792K, used 225785K [0x00000000d6e00000, 0x00000000e7080000, 0x0000000100000000)
  eden space 209408K, 100% used [0x00000000d6e00000,0x00000000e3a80000,0x00000000e3a80000)
  from space 16384K, 99% used [0x00000000e6080000,0x00000000e707e530,0x00000000e7080000)
  to   space 19456K, 0% used [0x00000000e4a80000,0x00000000e4a80000,0x00000000e5d80000)
 ParOldGen       total 89088K, used 21838K [0x0000000084a00000, 0x000000008a100000, 0x00000000d6e00000)
  object space 89088K, 24% used [0x0000000084a00000,0x0000000085f53a28,0x000000008a100000)
 Metaspace       used 51391K, capacity 54414K, committed 54568K, reserved 1095680K
  class space    used 7118K, capacity 7666K, committed 7728K, reserved 1048576K

Deoptimization events (0 events):
No events

Classes redefined (0 events):
No events

Internal exceptions (10 events):
Event: 6.099 Thread 0x00007f80e8003000 Exception <a 'java/lang/ClassNotFoundException': org/springframework/context/ApplicationListenerCustomizer> (0x00000000e2a8d088) thrown at [/build/openjdk-8-fPix8r/openjdk-8-8u212-b03/src/hotspot/src/share/vm/classfile/systemDictionary.cpp, line 210]
Event: 6.099 Thread 0x00007f80e8003000 Exception <a 'java/lang/ClassNotFoundException': java/util/EventListenerCustomizer> (0x00000000e2a97308) thrown at [/build/openjdk-8-fPix8r/openjdk-8-8u212-b03/src/hotspot/src/share/vm/classfile/systemDictionary.cpp, line 210]
Event: 6.099 Thread 0x00007f80e8003000 Exception <a 'java/lang/ClassNotFoundException': org/springframework/context/ApplicationContextAwareCustomizer> (0x00000000e2aafb10) thrown at [/build/openjdk-8-fPix8r/openjdk-8-8u212-b03/src/hotspot/src/share/vm/classfile/systemDictionary.cpp, line 210]
Event: 6.099 Thread 0x00007f80e8003000 Exception <a 'java/lang/ClassNotFoundException': org/springframework/beans/factory/AwareCustomizer> (0x00000000e2ac6400) thrown at [/build/openjdk-8-fPix8r/openjdk-8-8u212-b03/src/hotspot/src/share/vm/classfile/systemDictionary.cpp, line 210]
Event: 6.100 Thread 0x00007f80e8003000 Exception <a 'java/lang/ClassNotFoundException': java/lang/ObjectCustomizer> (0x00000000e2ad9270) thrown at [/build/openjdk-8-fPix8r/openjdk-8-8u212-b03/src/hotspot/src/share/vm/classfile/systemDictionary.cpp, line 210]
Event: 6.101 Thread 0x00007f80e8003000 Exception <a 'java/lang/ClassNotFoundException': org/springframework/boot/devtools/autoconfigure/LocalDevToolsAutoConfigurationCustomizer> (0x00000000e2afcbe0) thrown at [/build/openjdk-8-fPix8r/openjdk-8-8u212-b03/src/hotspot/src/share/vm/classfile/syste
Event: 6.101 Thread 0x00007f80e8003000 Exception <a 'java/lang/ClassNotFoundException': org/springframework/boot/devtools/autoconfigure/LocalDevToolsAutoConfiguration$$EnhancerBySpringCGLIB$$57ecc622Customizer> (0x00000000e2b26430) thrown at [/build/openjdk-8-fPix8r/openjdk-8-8u212-b03/src/hot
Event: 6.101 Thread 0x00007f80e8003000 Exception <a 'java/lang/ClassNotFoundException': org/springframework/context/annotation/ConfigurationClassEnhancer$EnhancedConfigurationCustomizer> (0x00000000e2b4e1f0) thrown at [/build/openjdk-8-fPix8r/openjdk-8-8u212-b03/src/hotspot/src/share/vm/classf
Event: 6.102 Thread 0x00007f80e8003000 Exception <a 'java/lang/ClassNotFoundException': org/springframework/beans/factory/BeanFactoryAwareCustomizer> (0x00000000e2b66730) thrown at [/build/openjdk-8-fPix8r/openjdk-8-8u212-b03/src/hotspot/src/share/vm/classfile/systemDictionary.cpp, line 210]
Event: 6.102 Thread 0x00007f80e8003000 Exception <a 'java/lang/ClassNotFoundException': org/springframework/beans/factory/AwareCustomizer> (0x00000000e2b7d038) thrown at [/build/openjdk-8-fPix8r/openjdk-8-8u212-b03/src/hotspot/src/share/vm/classfile/systemDictionary.cpp, line 210]

Events (10 events):
Event: 6.220 loading class java/security/cert$URICertStoreParameters done
Event: 6.221 loading class java/util/WeakHashMap$KeyIterator
Event: 6.222 loading class java/util/WeakHashMap$KeyIterator done
Event: 6.222 Thread 0x00007f815892e000 Thread exited: 0x00007f815892e000
Event: 6.222 loading class org/springframework/boot/devtools/restart/SilentExitExceptionHandler$SilentExitException
Event: 6.222 loading class org/springframework/boot/devtools/restart/SilentExitExceptionHandler$SilentExitException done
Event: 6.224 Thread 0x00007f815800f800 Thread exited: 0x00007f815800f800
Event: 6.224 Thread 0x00007f815800f800 Thread added: 0x00007f815800f800
Event: 9.565 Thread 0x00007f80c0001000 Thread exited: 0x00007f80c0001000
Event: 10.258 Executing VM operation: ParallelGCFailedAllocation


Dynamic libraries:
84a00000-8a100000 rw-p 00000000 00:00 0 
8a100000-d6e00000 ---p 00000000 00:00 0 
d6e00000-e7080000 rw-p 00000000 00:00 0 
eba00000-100000000 ---p 00000000 00:00 0 
100000000-10078c000 rw-p 00000000 00:00 0 
10078c000-140000000 ---p 00000000 00:00 0 
55ac05a66000-55ac05a67000 r-xp 00000000 08:06 1062635                    /usr/lib/jvm/java-8-openjdk-amd64/jre/bin/java
55ac05c66000-55ac05c67000 r--p 00000000 08:06 1062635                    /usr/lib/jvm/java-8-openjdk-amd64/jre/bin/java
55ac05c67000-55ac05c68000 rw-p 00001000 08:06 1062635                    /usr/lib/jvm/java-8-openjdk-amd64/jre/bin/java
55ac077df000-55ac07800000 rw-p 00000000 00:00 0                          [heap]
7f80c0000000-7f80c0021000 rw-p 00000000 00:00 0 
7f80c0021000-7f80c4000000 ---p 00000000 00:00 0 
7f80c7eff000-7f80c7f02000 ---p 00000000 00:00 0 
7f80c7f02000-7f80c8000000 rw-p 00000000 00:00 0 
7f80c8000000-7f80c8021000 rw-p 00000000 00:00 0 
7f80c8021000-7f80cc000000 ---p 00000000 00:00 0 
7f80cc000000-7f80cc021000 rw-p 00000000 00:00 0 
7f80cc021000-7f80d0000000 ---p 00000000 00:00 0 
7f80d0000000-7f80d0021000 rw-p 00000000 00:00 0 
7f80d0021000-7f80d4000000 ---p 00000000 00:00 0 
7f80d4000000-7f80d4021000 rw-p 00000000 00:00 0 
7f80d4021000-7f80d8000000 ---p 00000000 00:00 0 
7f80d8000000-7f80d8060000 rw-p 00000000 00:00 0 
7f80d8060000-7f80dc000000 ---p 00000000 00:00 0 
7f80dc000000-7f80dc021000 rw-p 00000000 00:00 0 
7f80dc021000-7f80e0000000 ---p 00000000 00:00 0 
7f80e0000000-7f80e1116000 rw-p 00000000 00:00 0 
7f80e1116000-7f80e4000000 ---p 00000000 00:00 0 
7f80e4000000-7f80e4319000 rw-p 00000000 00:00 0 
7f80e4319000-7f80e8000000 ---p 00000000 00:00 0 
7f80e8000000-7f80e8021000 rw-p 00000000 00:00 0 
7f80e8021000-7f80ec000000 ---p 00000000 00:00 0 
7f80ec000000-7f80ec021000 rw-p 00000000 00:00 0 
7f80ec021000-7f80f0000000 ---p 00000000 00:00 0 
7f80f00e7000-7f80f00ea000 ---p 00000000 00:00 0 
7f80f00ea000-7f80f01e8000 rw-p 00000000 00:00 0 
7f80f01e8000-7f80f01eb000 ---p 00000000 00:00 0 
7f80f01eb000-7f80f02e9000 rw-p 00000000 00:00 0 
7f80f02e9000-7f80f02ec000 ---p 00000000 00:00 0 
7f80f02ec000-7f80f03ea000 rw-p 00000000 00:00 0 
7f80f03ea000-7f80f03ed000 ---p 00000000 00:00 0 
7f80f03ed000-7f80f04eb000 rw-p 00000000 00:00 0 
7f80f04eb000-7f80f04ee000 ---p 00000000 00:00 0 
7f80f04ee000-7f80f05ec000 rw-p 00000000 00:00 0 
7f80f05ec000-7f80f05ef000 ---p 00000000 00:00 0 
7f80f05ef000-7f80f06ed000 rw-p 00000000 00:00 0 
7f80f06ed000-7f80f06f0000 ---p 00000000 00:00 0 
7f80f06f0000-7f80f07ee000 rw-p 00000000 00:00 0 
7f80f07ee000-7f80f07f1000 ---p 00000000 00:00 0 
7f80f07f1000-7f80f08ef000 rw-p 00000000 00:00 0 
7f80f08ef000-7f80f08f2000 ---p 00000000 00:00 0 
7f80f08f2000-7f80f09f0000 rw-p 00000000 00:00 0 
7f80f09f0000-7f80f09f3000 ---p 00000000 00:00 0 
7f80f09f3000-7f80f0af1000 rw-p 00000000 00:00 0 
7f80f0af1000-7f80f0af4000 ---p 00000000 00:00 0 
7f80f0af4000-7f80f0bf2000 rw-p 00000000 00:00 0 
7f80f0bf2000-7f80f0bf5000 ---p 00000000 00:00 0 
7f80f0bf5000-7f80f0cf3000 rw-p 00000000 00:00 0 
7f80f0cf3000-7f80f0cf6000 ---p 00000000 00:00 0 
7f80f0cf6000-7f80f0df4000 rw-p 00000000 00:00 0 
7f80f0df4000-7f80f0df7000 ---p 00000000 00:00 0 
7f80f0df7000-7f80f10b5000 rw-p 00000000 00:00 0 
7f80f10b5000-7f80f10f5000 ---p 00000000 00:00 0 
7f80f10f5000-7f80f12f5000 rw-p 00000000 00:00 0 
7f80f12f5000-7f80f14f5000 rw-p 00000000 00:00 0 
7f80f14f5000-7f80f14f8000 ---p 00000000 00:00 0 
7f80f14f8000-7f80f17f6000 rw-p 00000000 00:00 0 
7f80f17f6000-7f80f19f6000 rw-p 00000000 00:00 0 
7f80f19f6000-7f80f1bf6000 rw-p 00000000 00:00 0 
7f80f1bf6000-7f80f1df6000 rw-p 00000000 00:00 0 
7f80f1df6000-7f80f1df9000 ---p 00000000 00:00 0 
7f80f1df9000-7f80f20f7000 rw-p 00000000 00:00 0 
7f80f20f7000-7f80f20fa000 ---p 00000000 00:00 0 
7f80f20fa000-7f80f23f6000 rw-p 00000000 00:00 0 
7f80f23f6000-7f80f23f8000 ---p 00000000 00:00 0 
7f80f23f8000-7f80f23fb000 ---p 00000000 00:00 0 
7f80f23fb000-7f80f24f9000 rw-p 00000000 00:00 0 
7f80f24f9000-7f80f24fc000 ---p 00000000 00:00 0 
7f80f24fc000-7f80f25fa000 rw-p 00000000 00:00 0 
7f80f25fa000-7f80f25fd000 ---p 00000000 00:00 0 
7f80f25fd000-7f80f26fb000 rw-p 00000000 00:00 0 
7f80f26fb000-7f80f26fe000 ---p 00000000 00:00 0 
7f80f26fe000-7f80f29fc000 rw-p 00000000 00:00 0 
7f80f29fc000-7f80f2bfc000 rw-p 00000000 00:00 0 
7f80f2bfc000-7f80f2bff000 ---p 00000000 00:00 0 
7f80f2bff000-7f80f2efd000 rw-p 00000000 00:00 0 
7f80f2efd000-7f80f30fd000 rw-p 00000000 00:00 0 
7f80f30fd000-7f80f32fd000 rw-p 00000000 00:00 0 
7f80f32fd000-7f80f3300000 ---p 00000000 00:00 0 
7f80f3300000-7f80f35fe000 rw-p 00000000 00:00 0 
7f80f35fe000-7f80f37fe000 rw-p 00000000 00:00 0 
7f80f37fe000-7f80f39fe000 rw-p 00000000 00:00 0 
7f80f39fe000-7f80f3bfe000 rw-p 00000000 00:00 0 
7f80f3bfe000-7f80f3c01000 ---p 00000000 00:00 0 
7f80f3c01000-7f80f3cff000 rw-p 00000000 00:00 0 
7f80f3cff000-7f80f3d02000 ---p 00000000 00:00 0 
7f80f3d02000-7f80f4000000 rw-p 00000000 00:00 0 
7f80f4000000-7f80f4021000 rw-p 00000000 00:00 0 
7f80f4021000-7f80f8000000 ---p 00000000 00:00 0 
7f80f8000000-7f80f8035000 rw-p 00000000 00:00 0 
7f80f8035000-7f80fc000000 ---p 00000000 00:00 0 
7f80fc000000-7f80fc021000 rw-p 00000000 00:00 0 
7f80fc021000-7f8100000000 ---p 00000000 00:00 0 
7f8100000000-7f8100021000 rw-p 00000000 00:00 0 
7f8100021000-7f8104000000 ---p 00000000 00:00 0 
7f8104000000-7f8104021000 rw-p 00000000 00:00 0 
7f8104021000-7f8108000000 ---p 00000000 00:00 0 
7f8108000000-7f8108021000 rw-p 00000000 00:00 0 
7f8108021000-7f810c000000 ---p 00000000 00:00 0 
7f810c000000-7f810c021000 rw-p 00000000 00:00 0 
7f810c021000-7f8110000000 ---p 00000000 00:00 0 
7f8110000000-7f8110021000 rw-p 00000000 00:00 0 
7f8110021000-7f8114000000 ---p 00000000 00:00 0 
7f8114000000-7f8114021000 rw-p 00000000 00:00 0 
7f8114021000-7f8118000000 ---p 00000000 00:00 0 
7f8118000000-7f81186e8000 rw-p 00000000 00:00 0 
7f81186e8000-7f811c000000 ---p 00000000 00:00 0 
7f811c000000-7f811c021000 rw-p 00000000 00:00 0 
7f811c021000-7f8120000000 ---p 00000000 00:00 0 
7f8120000000-7f8120056000 rw-p 00000000 00:00 0 
7f8120056000-7f8124000000 ---p 00000000 00:00 0 
7f8124000000-7f8124021000 rw-p 00000000 00:00 0 
7f8124021000-7f8128000000 ---p 00000000 00:00 0 
7f8128000000-7f8128021000 rw-p 00000000 00:00 0 
7f8128021000-7f812c000000 ---p 00000000 00:00 0 
7f812c000000-7f812c021000 rw-p 00000000 00:00 0 
7f812c021000-7f8130000000 ---p 00000000 00:00 0 
7f8130000000-7f8130021000 rw-p 00000000 00:00 0 
7f8130021000-7f8134000000 ---p 00000000 00:00 0 
7f8134000000-7f8134021000 rw-p 00000000 00:00 0 
7f8134021000-7f8138000000 ---p 00000000 00:00 0 
7f81380f9000-7f81380fe000 r--s 002f9000 08:06 1062685                    /usr/lib/jvm/java-8-openjdk-amd64/jre/lib/charsets.jar
7f81380fe000-7f8138101000 ---p 00000000 00:00 0 
7f8138101000-7f81381ff000 rw-p 00000000 00:00 0 
7f81381ff000-7f8138202000 ---p 00000000 00:00 0 
7f8138202000-7f8138300000 rw-p 00000000 00:00 0 
7f8138300000-7f8138303000 ---p 00000000 00:00 0 
7f8138303000-7f8138401000 rw-p 00000000 00:00 0 
7f8138401000-7f8138404000 ---p 00000000 00:00 0 
7f8138404000-7f8138502000 rw-p 00000000 00:00 0 
7f8138502000-7f8138505000 ---p 00000000 00:00 0 
7f8138505000-7f8138603000 rw-p 00000000 00:00 0 
7f8138603000-7f8138604000 ---p 00000000 00:00 0 
7f8138604000-7f8138704000 rw-p 00000000 00:00 0 
7f8138704000-7f8138707000 ---p 00000000 00:00 0 
7f8138707000-7f8138805000 rw-p 00000000 00:00 0 
7f8138805000-7f8138808000 ---p 00000000 00:00 0 
7f8138808000-7f8138906000 rw-p 00000000 00:00 0 
7f8138906000-7f8138909000 ---p 00000000 00:00 0 
7f8138909000-7f8138a07000 rw-p 00000000 00:00 0 
7f8138a07000-7f8138a0b000 r--s 000a1000 08:06 1062718                    /usr/lib/jvm/java-8-openjdk-amd64/jre/lib/jsse.jar
7f8138a0b000-7f8138a0d000 r--s 00009000 08:06 2760241                    /home/eniyew/.m2/repository/org/slf4j/slf4j-api/1.7.26/slf4j-api-1.7.26.jar
7f8138a0d000-7f8138a10000 r--s 00058000 08:06 3147881                    /home/eniyew/.m2/repository/org/springframework/data/spring-data-rest-hal-browser/3.1.8.RELEASE/spring-data-rest-hal-browser-3.1.8.RELEASE.jar
7f8138a10000-7f8138a34000 r--s 00111000 08:06 2760250                    /home/eniyew/.m2/repository/org/springframework/boot/spring-boot-autoconfigure/2.1.5.RELEASE/spring-boot-autoconfigure-2.1.5.RELEASE.jar
7f8138a34000-7f8138a49000 r--s 000d4000 08:06 2628417                    /home/eniyew/.m2/repository/org/springframework/boot/spring-boot/2.1.5.RELEASE/spring-boot-2.1.5.RELEASE.jar
7f8138a49000-7f8138a4f000 r--s 0002e000 08:06 2760211                    /home/eniyew/.m2/repository/org/springframework/boot/spring-boot-devtools/2.1.5.RELEASE/spring-boot-devtools-2.1.5.RELEASE.jar
7f8138a4f000-7f8138a66000 r--s 00190000 08:06 2760240                    /home/eniyew/.m2/repository/org/projectlombok/lombok/1.18.8/lombok-1.18.8.jar
7f8138a66000-7f8138a67000 r--s 00005000 08:06 2628423                    /home/eniyew/.m2/repository/org/springframework/spring-jcl/5.1.7.RELEASE/spring-jcl-5.1.7.RELEASE.jar
7f8138a67000-7f8138a80000 r--s 00123000 08:06 2628420                    /home/eniyew/.m2/repository/org/springframework/spring-core/5.1.7.RELEASE/spring-core-5.1.7.RELEASE.jar
7f8138a80000-7f8138a98000 r--s 00218000 08:06 2760133                    /home/eniyew/.m2/repository/mysql/mysql-connector-java/8.0.16/mysql-connector-java-8.0.16.jar
7f8138a98000-7f8138a9b000 r--s 0000e000 08:06 2760225                    /home/eniyew/.m2/repository/com/fasterxml/jackson/core/jackson-annotations/2.9.0/jackson-annotations-2.9.0.jar
7f8138a9b000-7f8138a9d000 r--s 00002000 08:06 3147873                    /home/eniyew/.m2/repository/org/atteo/evo-inflector/1.2.2/evo-inflector-1.2.2.jar
7f8138a9d000-7f8138a9e000 r--s 00004000 08:06 3147879                    /home/eniyew/.m2/repository/org/springframework/plugin/spring-plugin-core/1.2.0.RELEASE/spring-plugin-core-1.2.0.RELEASE.jar
7f8138a9e000-7f8138aa3000 r--s 0002f000 08:06 3147877                    /home/eniyew/.m2/repository/org/springframework/hateoas/spring-hateoas/0.25.1.RELEASE/spring-hateoas-0.25.1.RELEASE.jar
7f8138aa3000-7f8138aa8000 r--s 0001f000 08:06 3147871                    /home/eniyew/.m2/repository/org/springframework/data/spring-data-rest-core/3.1.8.RELEASE/spring-data-rest-core-3.1.8.RELEASE.jar
7f8138aa8000-7f8138aaf000 r--s 0004e000 08:06 3147869                    /home/eniyew/.m2/repository/org/springframework/data/spring-data-rest-webmvc/3.1.8.RELEASE/spring-data-rest-webmvc-3.1.8.RELEASE.jar
7f8138aaf000-7f8138ab0000 r--s 00000000 08:06 3147867                    /home/eniyew/.m2/repository/org/springframework/boot/spring-boot-starter-data-rest/2.1.5.RELEASE/spring-boot-starter-data-rest-2.1.5.RELEASE.jar
7f8138ab0000-7f8138ab5000 r--s 00040000 08:06 2628426                    /home/eniyew/.m2/repository/org/springframework/spring-expression/5.1.7.RELEASE/spring-expression-5.1.7.RELEASE.jar
7f8138ab5000-7f8138ac4000 r--s 000b5000 08:06 2760234                    /home/eniyew/.m2/repository/org/springframework/spring-webmvc/5.1.7.RELEASE/spring-webmvc-5.1.7.RELEASE.jar
7f8138ac4000-7f8138ae0000 r--s 00137000 08:06 2760224                    /home/eniyew/.m2/repository/org/springframework/spring-web/5.1.7.RELEASE/spring-web-5.1.7.RELEASE.jar
7f8138ae0000-7f8138ae5000 r--s 00012000 08:06 2760207                    /home/eniyew/.m2/repository/javax/validation/validation-api/2.0.1.Final/validation-api-2.0.1.Final.jar
7f8138ae5000-7f8138b02000 r--s 000fe000 08:06 2760212                    /home/eniyew/.m2/repository/org/hibernate/validator/hibernate-validator/6.0.16.Final/hibernate-validator-6.0.16.Final.jar
7f8138b02000-7f8138b07000 r--s 0003c000 08:06 2760141                    /home/eniyew/.m2/repository/org/apache/tomcat/embed/tomcat-embed-websocket/9.0.19/tomcat-embed-websocket-9.0.19.jar
7f8138b07000-7f8138b0c000 r--s 00039000 08:06 2760134                    /home/eniyew/.m2/repository/org/apache/tomcat/embed/tomcat-embed-el/9.0.19/tomcat-embed-el-9.0.19.jar
7f8138b0c000-7f8138b37000 r--s 002fe000 08:06 2760223                    /home/eniyew/.m2/repository/org/apache/tomcat/embed/tomcat-embed-core/9.0.19/tomcat-embed-core-9.0.19.jar
7f8138b37000-7f8138b38000 r--s 00000000 08:06 2760228                    /home/eniyew/.m2/repository/org/springframework/boot/spring-boot-starter-tomcat/2.1.5.RELEASE/spring-boot-starter-tomcat-2.1.5.RELEASE.jar
7f8138b38000-7f8138b3a000 r--s 00001000 08:06 2760220                    /home/eniyew/.m2/repository/com/fasterxml/jackson/module/jackson-module-parameter-names/2.9.8/jackson-module-parameter-names-2.9.8.jar
7f8138b3a000-7f8138b3d000 r--s 00016000 08:06 2760217                    /home/eniyew/.m2/repository/com/fasterxml/jackson/datatype/jackson-datatype-jsr310/2.9.8/jackson-datatype-jsr310-2.9.8.jar
7f8138b3d000-7f8138b3f000 r--s 00007000 08:06 2760218                    /home/eniyew/.m2/repository/com/fasterxml/jackson/datatype/jackson-datatype-jdk8/2.9.8/jackson-datatype-jdk8-2.9.8.jar
7f8138b3f000-7f8138b43000 r--s 0004c000 08:06 2760226                    /home/eniyew/.m2/repository/com/fasterxml/jackson/core/jackson-core/2.9.8/jackson-core-2.9.8.jar
7f8138b43000-7f8138b55000 r--s 00137000 08:06 2760215                    /home/eniyew/.m2/repository/com/fasterxml/jackson/core/jackson-databind/2.9.8/jackson-databind-2.9.8.jar
7f8138b55000-7f8138b56000 r--s 00000000 08:06 2760206                    /home/eniyew/.m2/repository/org/springframework/boot/spring-boot-starter-json/2.1.5.RELEASE/spring-boot-starter-json-2.1.5.RELEASE.jar
7f8138b56000-7f8138b57000 r--s 00000000 08:06 2760186                    /home/eniyew/.m2/repository/org/springframework/boot/spring-boot-starter-web/2.1.5.RELEASE/spring-boot-starter-web-2.1.5.RELEASE.jar
7f8138b57000-7f8138b60000 r--s 0005a000 08:06 2760158                    /home/eniyew/.m2/repository/org/springframework/spring-jdbc/5.1.7.RELEASE/spring-jdbc-5.1.7.RELEASE.jar
7f8138b60000-7f8138b64000 r--s 00020000 08:06 2760152                    /home/eniyew/.m2/repository/com/zaxxer/HikariCP/3.2.0/HikariCP-3.2.0.jar
7f8138b64000-7f8138b6b000 r--s 00043000 08:06 2760142                    /home/eniyew/.m2/repository/org/yaml/snakeyaml/1.23/snakeyaml-1.23.jar
7f8138b6b000-7f8138b6d000 r--s 00005000 08:06 2760222                    /home/eniyew/.m2/repository/javax/annotation/javax.annotation-api/1.3.2/javax.annotation-api-1.3.2.jar
7f8138b6d000-7f8138b6f000 r--s 00000000 08:06 2760130                    /home/eniyew/.m2/repository/org/slf4j/jul-to-slf4j/1.7.26/jul-to-slf4j-1.7.26.jar
7f8138b6f000-7f8138b75000 r--s 0003c000 08:06 2760137                    /home/eniyew/.m2/repository/org/apache/logging/log4j/log4j-api/2.11.2/log4j-api-2.11.2.jar
7f8138b75000-7f8138b77000 r--s 00003000 08:06 2760132                    /home/eniyew/.m2/repository/org/apache/logging/log4j/log4j-to-slf4j/2.11.2/log4j-to-slf4j-2.11.2.jar
7f8138b77000-7f8138b82000 r--s 00069000 08:06 2760129                    /home/eniyew/.m2/repository/ch/qos/logback/logback-core/1.2.3/logback-core-1.2.3.jar
7f8138b82000-7f8138b88000 r--s 00041000 08:06 2760126                    /home/eniyew/.m2/repository/ch/qos/logback/logback-classic/1.2.3/logback-classic-1.2.3.jar
7f8138b88000-7f8138b89000 r--s 00000000 08:06 2760124                    /home/eniyew/.m2/repository/org/springframework/boot/spring-boot-starter-logging/2.1.5.RELEASE/spring-boot-starter-logging-2.1.5.RELEASE.jar
7f8138b89000-7f8138b8a000 r--s 00000000 08:06 2628427                    /home/eniyew/.m2/repository/org/springframework/boot/spring-boot-starter/2.1.5.RELEASE/spring-boot-starter-2.1.5.RELEASE.jar
7f8138b8a000-7f8138b8b000 r--s 00000000 08:06 2760150                    /home/eniyew/.m2/repository/org/springframework/boot/spring-boot-starter-jdbc/2.1.5.RELEASE/spring-boot-starter-jdbc-2.1.5.RELEASE.jar
7f8138b8b000-7f8138b8d000 r--s 0000a000 08:06 2760191                    /home/eniyew/.m2/repository/org/springframework/spring-aspects/5.1.7.RELEASE/spring-aspects-5.1.7.RELEASE.jar
7f8138b8d000-7f8138b99000 r--s 00099000 08:06 2628432                    /home/eniyew/.m2/repository/org/springframework/spring-beans/5.1.7.RELEASE/spring-beans-5.1.7.RELEASE.jar
7f8138b99000-7f8138ba1000 r--s 00037000 08:06 2760140                    /home/eniyew/.m2/repository/org/springframework/spring-tx/5.1.7.RELEASE/spring-tx-5.1.7.RELEASE.jar
7f8138ba1000-7f8138bbb000 r--s 000f4000 08:06 2628421                    /home/eniyew/.m2/repository/org/springframework/spring-context/5.1.7.RELEASE/spring-context-5.1.7.RELEASE.jar
7f8138bbb000-7f8138bbf000 r--s 0002d000 08:06 2760192                    /home/eniyew/.m2/repository/org/springframework/spring-orm/5.1.7.RELEASE/spring-orm-5.1.7.RELEASE.jar
7f8138bbf000-7f8138bd7000 r--s 00107000 08:06 2760178                    /home/eniyew/.m2/repository/org/springframework/data/spring-data-commons/2.1.8.RELEASE/spring-data-commons-2.1.8.RELEASE.jar
7f8138bd7000-7f8138bdf000 r--s 0004f000 08:06 2760169                    /home/eniyew/.m2/repository/org/springframework/data/spring-data-jpa/2.1.8.RELEASE/spring-data-jpa-2.1.8.RELEASE.jar
7f8138bdf000-7f8138be2000 r--s 00010000 08:06 2760163                    /home/eniyew/.m2/repository/org/hibernate/common/hibernate-commons-annotations/5.0.4.Final/hibernate-commons-annotations-5.0.4.Final.jar
7f8138be2000-7f8138be7000 r--s 0004b000 08:06 2760183                    /home/eniyew/.m2/repository/org/dom4j/dom4j/2.1.1/dom4j-2.1.1.jar
7f8138be7000-7f8138be9000 r--s 0000f000 08:06 2760208                    /home/eniyew/.m2/repository/com/fasterxml/classmate/1.4.0/classmate-1.4.0.jar
7f8138be9000-7f8138c30000 r--s 002da000 08:06 2760201                    /home/eniyew/.m2/repository/net/bytebuddy/byte-buddy/1.9.12/byte-buddy-1.9.12.jar
7f8138c30000-7f8138c3b000 r--s 000b2000 08:06 2760162                    /home/eniyew/.m2/repository/org/javassist/javassist/3.23.2-GA/javassist-3.23.2-GA.jar
7f8138c3b000-7f8138cbd000 r--s 00627000 08:06 2760164                    /home/eniyew/.m2/repository/org/hibernate/hibernate-core/5.3.10.Final/hibernate-core-5.3.10.Final.jar
7f8138cbd000-7f8138cd6000 r--s 001da000 08:06 2760155                    /home/eniyew/.m2/repository/org/aspectj/aspectjweaver/1.9.4/aspectjweaver-1.9.4.jar
7f8138cd6000-7f8138cf1000 r--s 00394000 08:06 1062695                    /usr/lib/jvm/java-8-openjdk-amd64/jre/lib/ext/cldrdata.jar
7f8138cf1000-7f8138d0c000 r--s 001d6000 08:06 1062700                    /usr/lib/jvm/java-8-openjdk-amd64/jre/lib/ext/nashorn.jar
7f8138d0c000-7f8138d1d000 r-xp 00000000 08:06 1062674                    /usr/lib/jvm/java-8-openjdk-amd64/jre/lib/amd64/libnio.so
7f8138d1d000-7f8138f1c000 ---p 00011000 08:06 1062674                    /usr/lib/jvm/java-8-openjdk-amd64/jre/lib/amd64/libnio.so
7f8138f1c000-7f8138f1d000 r--p 00010000 08:06 1062674                    /usr/lib/jvm/java-8-openjdk-amd64/jre/lib/amd64/libnio.so
7f8138f1d000-7f8138f1e000 rw-p 00011000 08:06 1062674                    /usr/lib/jvm/java-8-openjdk-amd64/jre/lib/amd64/libnio.so
7f8138f1e000-7f8138f34000 r-xp 00000000 08:06 1062673                    /usr/lib/jvm/java-8-openjdk-amd64/jre/lib/amd64/libnet.so
7f8138f34000-7f8139133000 ---p 00016000 08:06 1062673                    /usr/lib/jvm/java-8-openjdk-amd64/jre/lib/amd64/libnet.so
7f8139133000-7f8139134000 r--p 00015000 08:06 1062673                    /usr/lib/jvm/java-8-openjdk-amd64/jre/lib/amd64/libnet.so
7f8139134000-7f8139135000 rw-p 00016000 08:06 1062673                    /usr/lib/jvm/java-8-openjdk-amd64/jre/lib/amd64/libnet.so
7f8139135000-7f813913e000 r-xp 00000000 08:06 1062671                    /usr/lib/jvm/java-8-openjdk-amd64/jre/lib/amd64/libmanagement.so
7f813913e000-7f813933d000 ---p 00009000 08:06 1062671                    /usr/lib/jvm/java-8-openjdk-amd64/jre/lib/amd64/libmanagement.so
7f813933d000-7f813933e000 r--p 00008000 08:06 1062671                    /usr/lib/jvm/java-8-openjdk-amd64/jre/lib/amd64/libmanagement.so
7f813933e000-7f813933f000 rw-p 00009000 08:06 1062671                    /usr/lib/jvm/java-8-openjdk-amd64/jre/lib/amd64/libmanagement.so
7f813933f000-7f8139342000 ---p 00000000 00:00 0 
7f8139342000-7f8139440000 rw-p 00000000 00:00 0 
7f8139440000-7f8139441000 ---p 00000000 00:00 0 
7f8139441000-7f8139444000 ---p 00000000 00:00 0 
7f8139444000-7f8139541000 rw-p 00000000 00:00 0 
7f8139541000-7f8139542000 ---p 00000000 00:00 0 
7f8139542000-7f8139545000 ---p 00000000 00:00 0 
7f8139545000-7f8139642000 rw-p 00000000 00:00 0 
7f8139642000-7f8139643000 ---p 00000000 00:00 0 
7f8139643000-7f8139646000 ---p 00000000 00:00 0 
7f8139646000-7f8139743000 rw-p 00000000 00:00 0 
7f8139743000-7f8139746000 ---p 00000000 00:00 0 
7f8139746000-7f8139844000 rw-p 00000000 00:00 0 
7f8139844000-7f813a213000 r--p 00000000 08:06 1055428                    /usr/lib/locale/locale-archive
7f813a213000-7f813a216000 ---p 00000000 00:00 0 
7f813a216000-7f813a314000 rw-p 00000000 00:00 0 
7f813a314000-7f813a317000 ---p 00000000 00:00 0 
7f813a317000-7f813a415000 rw-p 00000000 00:00 0 
7f813a415000-7f813a416000 ---p 00000000 00:00 0 
7f813a416000-7f813c000000 rw-p 00000000 00:00 0 
7f813c000000-7f813c021000 rw-p 00000000 00:00 0 
7f813c021000-7f8140000000 ---p 00000000 00:00 0 
7f8140000000-7f8140003000 r--s 0002b000 08:06 2760176                    /home/eniyew/.m2/repository/org/jboss/jandex/2.0.5.Final/jandex-2.0.5.Final.jar
7f8140003000-7f8140008000 r--s 00068000 08:06 2760174                    /home/eniyew/.m2/repository/antlr/antlr/2.7.7/antlr-2.7.7.jar
7f8140008000-7f814000e000 r--s 00023000 08:06 2760168                    /home/eniyew/.m2/repository/javax/persistence/javax.persistence-api/2.2/javax.persistence-api-2.2.jar
7f814000e000-7f8140081000 rw-p 00000000 00:00 0 
7f8140081000-7f8140250000 r--s 03c3b000 08:06 1062724                    /usr/lib/jvm/java-8-openjdk-amd64/jre/lib/rt.jar
7f8140250000-7f8144000000 rw-p 00000000 00:00 0 
7f8144000000-7f8144021000 rw-p 00000000 00:00 0 
7f8144021000-7f8148000000 ---p 00000000 00:00 0 
7f8148000000-7f8148002000 r--s 0000f000 08:06 2760200                    /home/eniyew/.m2/repository/org/jboss/logging/jboss-logging/3.3.2.Final/jboss-logging-3.3.2.Final.jar
7f8148002000-7f81480c6000 rw-p 00000000 00:00 0 
7f81480c6000-7f81480c7000 ---p 00000000 00:00 0 
7f81480c7000-7f81481c7000 rw-p 00000000 00:00 0 
7f81481c7000-7f81481c8000 ---p 00000000 00:00 0 
7f81481c8000-7f81482c8000 rw-p 00000000 00:00 0 
7f81482c8000-7f81482c9000 ---p 00000000 00:00 0 
7f81482c9000-7f81483f5000 rw-p 00000000 00:00 0 
7f81483f5000-7f814865b000 ---p 00000000 00:00 0 
7f814865b000-7f8148687000 rw-p 00000000 00:00 0 
7f8148687000-7f81488ed000 ---p 00000000 00:00 0 
7f81488ed000-7f814896f000 rw-p 00000000 00:00 0 
7f814896f000-7f8148a36000 ---p 00000000 00:00 0 
7f8148a36000-7f8148a5e000 rw-p 00000000 00:00 0 
7f8148a5e000-7f8148df7000 ---p 00000000 00:00 0 
7f8148df7000-7f8149797000 rwxp 00000000 00:00 0 
7f8149797000-7f8157df7000 ---p 00000000 00:00 0 
7f8157df7000-7f8157dff000 r-xp 00000000 08:06 1062681                    /usr/lib/jvm/java-8-openjdk-amd64/jre/lib/amd64/libzip.so
7f8157dff000-7f8157ffe000 ---p 00008000 08:06 1062681                    /usr/lib/jvm/java-8-openjdk-amd64/jre/lib/amd64/libzip.so
7f8157ffe000-7f8157fff000 r--p 00007000 08:06 1062681                    /usr/lib/jvm/java-8-openjdk-amd64/jre/lib/amd64/libzip.so
7f8157fff000-7f8158000000 rw-p 00008000 08:06 1062681                    /usr/lib/jvm/java-8-openjdk-amd64/jre/lib/amd64/libzip.so
7f8158000000-7f8158936000 rw-p 00000000 00:00 0 
7f8158936000-7f815c000000 ---p 00000000 00:00 0 
7f815c000000-7f815c00a000 r--s 00051000 08:06 2628418                    /home/eniyew/.m2/repository/org/springframework/spring-aop/5.1.7.RELEASE/spring-aop-5.1.7.RELEASE.jar
7f815c00a000-7f815c04c000 rw-p 00000000 00:00 0 
7f815c04c000-7f815c04d000 ---p 00000000 00:00 0 
7f815c04d000-7f815c14d000 rw-p 00000000 00:00 0 
7f815c14d000-7f815c158000 r-xp 00000000 08:06 2102829                    /lib/x86_64-linux-gnu/libnss_files-2.27.so
7f815c158000-7f815c357000 ---p 0000b000 08:06 2102829                    /lib/x86_64-linux-gnu/libnss_files-2.27.so
7f815c357000-7f815c358000 r--p 0000a000 08:06 2102829                    /lib/x86_64-linux-gnu/libnss_files-2.27.so
7f815c358000-7f815c359000 rw-p 0000b000 08:06 2102829                    /lib/x86_64-linux-gnu/libnss_files-2.27.so
7f815c359000-7f815c35f000 rw-p 00000000 00:00 0 
7f815c35f000-7f815c376000 r-xp 00000000 08:06 2102823                    /lib/x86_64-linux-gnu/libnsl-2.27.so
7f815c376000-7f815c575000 ---p 00017000 08:06 2102823                    /lib/x86_64-linux-gnu/libnsl-2.27.so
7f815c575000-7f815c576000 r--p 00016000 08:06 2102823                    /lib/x86_64-linux-gnu/libnsl-2.27.so
7f815c576000-7f815c577000 rw-p 00017000 08:06 2102823                    /lib/x86_64-linux-gnu/libnsl-2.27.so
7f815c577000-7f815c579000 rw-p 00000000 00:00 0 
7f815c579000-7f815c584000 r-xp 00000000 08:06 2102840                    /lib/x86_64-linux-gnu/libnss_nis-2.27.so
7f815c584000-7f815c783000 ---p 0000b000 08:06 2102840                    /lib/x86_64-linux-gnu/libnss_nis-2.27.so
7f815c783000-7f815c784000 r--p 0000a000 08:06 2102840                    /lib/x86_64-linux-gnu/libnss_nis-2.27.so
7f815c784000-7f815c785000 rw-p 0000b000 08:06 2102840                    /lib/x86_64-linux-gnu/libnss_nis-2.27.so
7f815c785000-7f815c78d000 r-xp 00000000 08:06 2102825                    /lib/x86_64-linux-gnu/libnss_compat-2.27.so
7f815c78d000-7f815c98d000 ---p 00008000 08:06 2102825                    /lib/x86_64-linux-gnu/libnss_compat-2.27.so
7f815c98d000-7f815c98e000 r--p 00008000 08:06 2102825                    /lib/x86_64-linux-gnu/libnss_compat-2.27.so
7f815c98e000-7f815c98f000 rw-p 00009000 08:06 2102825                    /lib/x86_64-linux-gnu/libnss_compat-2.27.so
7f815c98f000-7f815c9bb000 r-xp 00000000 08:06 1062662                    /usr/lib/jvm/java-8-openjdk-amd64/jre/lib/amd64/libjava.so
7f815c9bb000-7f815cbba000 ---p 0002c000 08:06 1062662                    /usr/lib/jvm/java-8-openjdk-amd64/jre/lib/amd64/libjava.so
7f815cbba000-7f815cbbb000 r--p 0002b000 08:06 1062662                    /usr/lib/jvm/java-8-openjdk-amd64/jre/lib/amd64/libjava.so
7f815cbbb000-7f815cbbd000 rw-p 0002c000 08:06 1062662                    /usr/lib/jvm/java-8-openjdk-amd64/jre/lib/amd64/libjava.so
7f815cbbd000-7f815cbcd000 r-xp 00000000 08:06 1062680                    /usr/lib/jvm/java-8-openjdk-amd64/jre/lib/amd64/libverify.so
7f815cbcd000-7f815cdcc000 ---p 00010000 08:06 1062680                    /usr/lib/jvm/java-8-openjdk-amd64/jre/lib/amd64/libverify.so
7f815cdcc000-7f815cdce000 r--p 0000f000 08:06 1062680                    /usr/lib/jvm/java-8-openjdk-amd64/jre/lib/amd64/libverify.so
7f815cdce000-7f815cdcf000 rw-p 00011000 08:06 1062680                    /usr/lib/jvm/java-8-openjdk-amd64/jre/lib/amd64/libverify.so
7f815cdcf000-7f815cdd6000 r-xp 00000000 08:06 2102880                    /lib/x86_64-linux-gnu/librt-2.27.so
7f815cdd6000-7f815cfd5000 ---p 00007000 08:06 2102880                    /lib/x86_64-linux-gnu/librt-2.27.so
7f815cfd5000-7f815cfd6000 r--p 00006000 08:06 2102880                    /lib/x86_64-linux-gnu/librt-2.27.so
7f815cfd6000-7f815cfd7000 rw-p 00007000 08:06 2102880                    /lib/x86_64-linux-gnu/librt-2.27.so
7f815cfd7000-7f815cfee000 r-xp 00000000 08:06 2097158                    /lib/x86_64-linux-gnu/libgcc_s.so.1
7f815cfee000-7f815d1ed000 ---p 00017000 08:06 2097158                    /lib/x86_64-linux-gnu/libgcc_s.so.1
7f815d1ed000-7f815d1ee000 r--p 00016000 08:06 2097158                    /lib/x86_64-linux-gnu/libgcc_s.so.1
7f815d1ee000-7f815d1ef000 rw-p 00017000 08:06 2097158                    /lib/x86_64-linux-gnu/libgcc_s.so.1
7f815d1ef000-7f815d38c000 r-xp 00000000 08:06 2102802                    /lib/x86_64-linux-gnu/libm-2.27.so
7f815d38c000-7f815d58b000 ---p 0019d000 08:06 2102802                    /lib/x86_64-linux-gnu/libm-2.27.so
7f815d58b000-7f815d58c000 r--p 0019c000 08:06 2102802                    /lib/x86_64-linux-gnu/libm-2.27.so
7f815d58c000-7f815d58d000 rw-p 0019d000 08:06 2102802                    /lib/x86_64-linux-gnu/libm-2.27.so
7f815d58d000-7f815d706000 r-xp 00000000 08:06 1048587                    /usr/lib/x86_64-linux-gnu/libstdc++.so.6.0.25
7f815d706000-7f815d906000 ---p 00179000 08:06 1048587                    /usr/lib/x86_64-linux-gnu/libstdc++.so.6.0.25
7f815d906000-7f815d910000 r--p 00179000 08:06 1048587                    /usr/lib/x86_64-linux-gnu/libstdc++.so.6.0.25
7f815d910000-7f815d912000 rw-p 00183000 08:06 1048587                    /usr/lib/x86_64-linux-gnu/libstdc++.so.6.0.25
7f815d912000-7f815d916000 rw-p 00000000 00:00 0 
7f815d916000-7f815e5b3000 r-xp 00000000 08:06 1062684                    /usr/lib/jvm/java-8-openjdk-amd64/jre/lib/amd64/server/libjvm.so
7f815e5b3000-7f815e7b2000 ---p 00c9d000 08:06 1062684                    /usr/lib/jvm/java-8-openjdk-amd64/jre/lib/amd64/server/libjvm.so
7f815e7b2000-7f815e846000 r--p 00c9c000 08:06 1062684                    /usr/lib/jvm/java-8-openjdk-amd64/jre/lib/amd64/server/libjvm.so
7f815e846000-7f815e86f000 rw-p 00d30000 08:06 1062684                    /usr/lib/jvm/java-8-openjdk-amd64/jre/lib/amd64/server/libjvm.so
7f815e86f000-7f815e89f000 rw-p 00000000 00:00 0 
7f815e89f000-7f815e8b9000 r-xp 00000000 08:06 2102872                    /lib/x86_64-linux-gnu/libpthread-2.27.so
7f815e8b9000-7f815eab8000 ---p 0001a000 08:06 2102872                    /lib/x86_64-linux-gnu/libpthread-2.27.so
7f815eab8000-7f815eab9000 r--p 00019000 08:06 2102872                    /lib/x86_64-linux-gnu/libpthread-2.27.so
7f815eab9000-7f815eaba000 rw-p 0001a000 08:06 2102872                    /lib/x86_64-linux-gnu/libpthread-2.27.so
7f815eaba000-7f815eabe000 rw-p 00000000 00:00 0 
7f815eabe000-7f815eac1000 r-xp 00000000 08:06 2102762                    /lib/x86_64-linux-gnu/libdl-2.27.so
7f815eac1000-7f815ecc0000 ---p 00003000 08:06 2102762                    /lib/x86_64-linux-gnu/libdl-2.27.so
7f815ecc0000-7f815ecc1000 r--p 00002000 08:06 2102762                    /lib/x86_64-linux-gnu/libdl-2.27.so
7f815ecc1000-7f815ecc2000 rw-p 00003000 08:06 2102762                    /lib/x86_64-linux-gnu/libdl-2.27.so
7f815ecc2000-7f815ecde000 r-xp 00000000 08:06 2102911                    /lib/x86_64-linux-gnu/libz.so.1.2.11
7f815ecde000-7f815eedd000 ---p 0001c000 08:06 2102911                    /lib/x86_64-linux-gnu/libz.so.1.2.11
7f815eedd000-7f815eede000 r--p 0001b000 08:06 2102911                    /lib/x86_64-linux-gnu/libz.so.1.2.11
7f815eede000-7f815eedf000 rw-p 0001c000 08:06 2102911                    /lib/x86_64-linux-gnu/libz.so.1.2.11
7f815eedf000-7f815f0c6000 r-xp 00000000 08:06 2102739                    /lib/x86_64-linux-gnu/libc-2.27.so
7f815f0c6000-7f815f2c6000 ---p 001e7000 08:06 2102739                    /lib/x86_64-linux-gnu/libc-2.27.so
7f815f2c6000-7f815f2ca000 r--p 001e7000 08:06 2102739                    /lib/x86_64-linux-gnu/libc-2.27.so
7f815f2ca000-7f815f2cc000 rw-p 001eb000 08:06 2102739                    /lib/x86_64-linux-gnu/libc-2.27.so
7f815f2cc000-7f815f2d0000 rw-p 00000000 00:00 0 
7f815f2d0000-7f815f2de000 r-xp 00000000 08:06 1062648                    /usr/lib/jvm/java-8-openjdk-amd64/jre/lib/amd64/jli/libjli.so
7f815f2de000-7f815f4dd000 ---p 0000e000 08:06 1062648                    /usr/lib/jvm/java-8-openjdk-amd64/jre/lib/amd64/jli/libjli.so
7f815f4dd000-7f815f4de000 r--p 0000d000 08:06 1062648                    /usr/lib/jvm/java-8-openjdk-amd64/jre/lib/amd64/jli/libjli.so
7f815f4de000-7f815f4df000 rw-p 0000e000 08:06 1062648                    /usr/lib/jvm/java-8-openjdk-amd64/jre/lib/amd64/jli/libjli.so
7f815f4df000-7f815f506000 r-xp 00000000 08:06 2102711                    /lib/x86_64-linux-gnu/ld-2.27.so
7f815f506000-7f815f508000 r--s 0000c000 08:06 2760180                    /home/eniyew/.m2/repository/javax/activation/javax.activation-api/1.2.0/javax.activation-api-1.2.0.jar
7f815f508000-7f815f50c000 r--s 0001c000 08:06 2760161                    /home/eniyew/.m2/repository/javax/xml/bind/jaxb-api/2.3.1/jaxb-api-2.3.1.jar
7f815f50c000-7f815f50d000 r--s 00006000 08:06 2760153                    /home/eniyew/.m2/repository/javax/transaction/javax.transaction-api/1.3/javax.transaction-api-1.3.jar
7f815f50d000-7f815f50e000 r--s 00000000 08:06 2628436                    /home/eniyew/.m2/repository/org/springframework/boot/spring-boot-starter-aop/2.1.5.RELEASE/spring-boot-starter-aop-2.1.5.RELEASE.jar
7f815f50e000-7f815f50f000 r--s 00000000 08:06 2760148                    /home/eniyew/.m2/repository/org/springframework/boot/spring-boot-starter-data-jpa/2.1.5.RELEASE/spring-boot-starter-data-jpa-2.1.5.RELEASE.jar
7f815f50f000-7f815f512000 r--s 00039000 08:06 1062703                    /usr/lib/jvm/java-8-openjdk-amd64/jre/lib/ext/sunpkcs11.jar
7f815f512000-7f815f51c000 r--s 00116000 08:06 1062699                    /usr/lib/jvm/java-8-openjdk-amd64/jre/lib/ext/localedata.jar
7f815f51c000-7f815f5e7000 rw-p 00000000 00:00 0 
7f815f5e7000-7f815f5e8000 ---p 00000000 00:00 0 
7f815f5e8000-7f815f5eb000 ---p 00000000 00:00 0 
7f815f5eb000-7f815f6ea000 rw-p 00000000 00:00 0 
7f815f6ea000-7f815f6ed000 r--s 0000f000 08:06 1062697                    /usr/lib/jvm/java-8-openjdk-amd64/jre/lib/ext/icedtea-sound.jar
7f815f6ed000-7f815f6f2000 r--s 0003c000 08:06 1062702                    /usr/lib/jvm/java-8-openjdk-amd64/jre/lib/ext/sunjce_provider.jar
7f815f6f2000-7f815f6f4000 r--s 00001000 08:06 1062696                    /usr/lib/jvm/java-8-openjdk-amd64/jre/lib/ext/dnsns.jar
7f815f6f4000-7f815f6f6000 r--s 00008000 08:06 1062701                    /usr/lib/jvm/java-8-openjdk-amd64/jre/lib/ext/sunec.jar
7f815f6f6000-7f815f6f7000 r--s 0000a000 08:06 1062698                    /usr/lib/jvm/java-8-openjdk-amd64/jre/lib/ext/jaccess.jar
7f815f6f7000-7f815f6f8000 r--s 00010000 08:06 1062704                    /usr/lib/jvm/java-8-openjdk-amd64/jre/lib/ext/zipfs.jar
7f815f6f8000-7f815f6fa000 r--s 00007000 08:06 1441862                    /usr/share/java/java-atk-wrapper.jar
7f815f6fa000-7f815f702000 rw-s 00000000 08:06 3036151                    /tmp/hsperfdata_eniyew/28440
7f815f702000-7f815f703000 rw-p 00000000 00:00 0 
7f815f703000-7f815f704000 ---p 00000000 00:00 0 
7f815f704000-7f815f706000 rw-p 00000000 00:00 0 
7f815f706000-7f815f707000 r--p 00027000 08:06 2102711                    /lib/x86_64-linux-gnu/ld-2.27.so
7f815f707000-7f815f708000 rw-p 00028000 08:06 2102711                    /lib/x86_64-linux-gnu/ld-2.27.so
7f815f708000-7f815f709000 rw-p 00000000 00:00 0 
7fffcbee6000-7fffcbf09000 rw-p 00000000 00:00 0                          [stack]
7fffcbf20000-7fffcbf23000 r--p 00000000 00:00 0                          [vvar]
7fffcbf23000-7fffcbf25000 r-xp 00000000 00:00 0                          [vdso]
ffffffffff600000-ffffffffff601000 r-xp 00000000 00:00 0                  [vsyscall]

VM Arguments:
jvm_args: -Dcom.sun.management.jmxremote -Dcom.sun.management.jmxremote.port=46081 -Dcom.sun.management.jmxremote.authenticate=false -Dcom.sun.management.jmxremote.ssl=false -Djava.rmi.server.hostname=localhost -Dspring.jmx.enabled=true -Dspring.application.admin.enabled=true -Djava.security.egd=file:/dev/./urandom -Xverify:none -XX:TieredStopAtLevel=1 -Dfile.encoding=UTF-8 
java_command: com.example.demo.WorefaapiApplication --spring.output.ansi.enabled=always
java_class_path (initial): /home/eniyew/Documents/workspace-spring-tool-suite-4-4.2.2.RELEASE/worefaapi/target/classes:/home/eniyew/.m2/repository/org/springframework/boot/spring-boot-starter-data-jpa/2.1.5.RELEASE/spring-boot-starter-data-jpa-2.1.5.RELEASE.jar:/home/eniyew/.m2/repository/org/springframework/boot/spring-boot-starter-aop/2.1.5.RELEASE/spring-boot-starter-aop-2.1.5.RELEASE.jar:/home/eniyew/.m2/repository/org/springframework/spring-aop/5.1.7.RELEASE/spring-aop-5.1.7.RELEASE.jar:/home/eniyew/.m2/repository/org/aspectj/aspectjweaver/1.9.4/aspectjweaver-1.9.4.jar:/home/eniyew/.m2/repository/javax/transaction/javax.transaction-api/1.3/javax.transaction-api-1.3.jar:/home/eniyew/.m2/repository/javax/xml/bind/jaxb-api/2.3.1/jaxb-api-2.3.1.jar:/home/eniyew/.m2/repository/javax/activation/javax.activation-api/1.2.0/javax.activation-api-1.2.0.jar:/home/eniyew/.m2/repository/org/hibernate/hibernate-core/5.3.10.Final/hibernate-core-5.3.10.Final.jar:/home/eniyew/.m2/repository/org/jboss/logging/jboss-logging/3.3.2.Final/jboss-logging-3.3.2.Final.jar:/home/eniyew/.m2/repository/javax/persistence/javax.persistence-api/2.2/javax.persistence-api-2.2.jar:/home/eniyew/.m2/repository/org/javassist/javassist/3.23.2-GA/javassist-3.23.2-GA.jar:/home/eniyew/.m2/repository/net/bytebuddy/byte-buddy/1.9.12/byte-buddy-1.9.12.jar:/home/eniyew/.m2/repository/antlr/antlr/2.7.7/antlr-2.7.7.jar:/home/eniyew/.m2/repository/org/jboss/jandex/2.0.5.Final/jandex-2.0.5.Final.jar:/home/eniyew/.m2/repository/com/fasterxml/classmate/1.4.0/classmate-1.4.0.jar:/home/eniyew/.m2/repository/org/dom4j/dom4j/2.1.1/dom4j-2.1.1.jar:/home/eniyew/.m2/repository/org/hibernate/common/hibernate-commons-annotations/5.0.4.Final/hibernate-commons-annotations-5.0.4.Final.jar:/home/eniyew/.m2/repository/org/springframework/data/spring-data-jpa/2.1.8.RELEASE/spring-data-jpa-2.1.8.RELEASE.jar:/home/eniyew/.m2/repository/org/springframework/data/spring-data-commons/2.1.8.RELEASE/spring-data-commons-2.1.8.RELEASE.
Launcher Type: SUN_STANDARD

Environment Variables:
PATH=/home/eniyew/bin:/usr/local/sbin:/usr/local/bin:/usr/sbin:/usr/bin:/sbin:/bin:/usr/games:/usr/local/games:/snap/bin
USERNAME=eniyew
SHELL=/bin/bash
DISPLAY=:0

Signal Handlers:
SIGSEGV: [libjvm.so+0xab5000], sa_mask[0]=11111111011111111101111111111110, sa_flags=SA_RESTART|SA_SIGINFO
SIGBUS: [libjvm.so+0xab5000], sa_mask[0]=11111111011111111101111111111110, sa_flags=SA_RESTART|SA_SIGINFO
SIGFPE: [libjvm.so+0x8ea970], sa_mask[0]=11111111011111111101111111111110, sa_flags=SA_RESTART|SA_SIGINFO
SIGPIPE: [libjvm.so+0x8ea970], sa_mask[0]=11111111011111111101111111111110, sa_flags=SA_RESTART|SA_SIGINFO
SIGXFSZ: [libjvm.so+0x8ea970], sa_mask[0]=11111111011111111101111111111110, sa_flags=SA_RESTART|SA_SIGINFO
SIGILL: [libjvm.so+0x8ea970], sa_mask[0]=11111111011111111101111111111110, sa_flags=SA_RESTART|SA_SIGINFO
SIGUSR1: SIG_DFL, sa_mask[0]=00000000000000000000000000000000, sa_flags=none
SIGUSR2: [libjvm.so+0x8ea820], sa_mask[0]=00100000000000000000000000000000, sa_flags=SA_RESTART|SA_SIGINFO
SIGHUP: [libjvm.so+0x8eae90], sa_mask[0]=11111111011111111101111111111110, sa_flags=SA_RESTART|SA_SIGINFO
SIGINT: [libjvm.so+0x8eae90], sa_mask[0]=11111111011111111101111111111110, sa_flags=SA_RESTART|SA_SIGINFO
SIGTERM: [libjvm.so+0x8eae90], sa_mask[0]=11111111011111111101111111111110, sa_flags=SA_RESTART|SA_SIGINFO
SIGQUIT: [libjvm.so+0x8eae90], sa_mask[0]=11111111011111111101111111111110, sa_flags=SA_RESTART|SA_SIGINFO


---------------  S Y S T E M  ---------------

OS:DISTRIB_ID=Ubuntu
DISTRIB_RELEASE=18.04
DISTRIB_CODENAME=bionic
DISTRIB_DESCRIPTION="Ubuntu 18.04.1 LTS"

uname:Linux 4.15.0-29-generic #31-Ubuntu SMP Tue Jul 17 15:39:52 UTC 2018 x86_64
libc:glibc 2.27 NPTL 2.27 
rlimit: STACK 8192k, CORE 0k, NPROC 31342, NOFILE 4096, AS infinity
load average:37.25 10.87 4.84

/proc/meminfo:
MemTotal:        8082556 kB
MemFree:          108732 kB
MemAvailable:       5212 kB
Buffers:             408 kB
Cached:          1314228 kB
SwapCached:         3996 kB
Active:          6798828 kB
Inactive:         853368 kB
Active(anon):    6794932 kB
Inactive(anon):   849376 kB
Active(file):       3896 kB
Inactive(file):     3992 kB
Unevictable:          80 kB
Mlocked:              80 kB
SwapTotal:       2097148 kB
SwapFree:              0 kB
Dirty:                48 kB
Writeback:             0 kB
AnonPages:       6336344 kB
Mapped:           160032 kB
Shmem:           1306404 kB
Slab:             136908 kB
SReclaimable:      62896 kB
SUnreclaim:        74012 kB
KernelStack:       20384 kB
PageTables:        94448 kB
NFS_Unstable:          0 kB
Bounce:                0 kB
WritebackTmp:          0 kB
CommitLimit:     6138424 kB
Committed_AS:   18505508 kB
VmallocTotal:   34359738367 kB
VmallocUsed:           0 kB
VmallocChunk:          0 kB
HardwareCorrupted:     0 kB
AnonHugePages:         0 kB
ShmemHugePages:        0 kB
ShmemPmdMapped:        0 kB
CmaTotal:              0 kB
CmaFree:               0 kB
HugePages_Total:       0
HugePages_Free:        0
HugePages_Rsvd:        0
HugePages_Surp:        0
Hugepagesize:       2048 kB
DirectMap4k:      361216 kB
DirectMap2M:     7942144 kB
DirectMap1G:     1048576 kB

container (cgroup) information:
container_type: cgroupv1
cpu_cpuset_cpus: 0-3
cpu_memory_nodes: 0
active_processor_count: 4
cpu_quota: -1
cpu_period: 100000
cpu_shares: -1
memory_limit_in_bytes: -1
memory_and_swap_limit_in_bytes: -2
memory_soft_limit_in_bytes: -1
memory_usage_in_bytes: 7837634560
memory_max_usage_in_bytes: 1998848


CPU:total 4 (initial active 4) (2 cores per cpu, 2 threads per core) family 6 model 69 stepping 1, cmov, cx8, fxsr, mmx, sse, sse2, sse3, ssse3, sse4.1, sse4.2, popcnt, avx, avx2, aes, clmul, erms, lzcnt, ht, tsc, tscinvbit, bmi1, bmi2

/proc/cpuinfo:
processor	: 0
vendor_id	: GenuineIntel
cpu family	: 6
model		: 69
model name	: Intel(R) Core(TM) i7-4500U CPU @ 1.80GHz
stepping	: 1
microcode	: 0x23
cpu MHz		: 2424.264
cache size	: 4096 KB
physical id	: 0
siblings	: 4
core id		: 0
cpu cores	: 2
apicid		: 0
initial apicid	: 0
fpu		: yes
fpu_exception	: yes
cpuid level	: 13
wp		: yes
flags		: fpu vme de pse tsc msr pae mce cx8 apic sep mtrr pge mca cmov pat pse36 clflush dts acpi mmx fxsr sse sse2 ss ht tm pbe syscall nx pdpe1gb rdtscp lm constant_tsc arch_perfmon pebs bts rep_good nopl xtopology nonstop_tsc cpuid aperfmperf pni pclmulqdq dtes64 monitor ds_cpl vmx est tm2 ssse3 sdbg fma cx16 xtpr pdcm pcid sse4_1 sse4_2 movbe popcnt tsc_deadline_timer aes xsave avx f16c rdrand lahf_lm abm cpuid_fault epb invpcid_single pti ibrs ibpb stibp tpr_shadow vnmi flexpriority ept vpid fsgsbase tsc_adjust bmi1 avx2 smep bmi2 erms invpcid xsaveopt dtherm ida arat pln pts
bugs		: cpu_meltdown spectre_v1 spectre_v2 spec_store_bypass
bogomips	: 4788.79
clflush size	: 64
cache_alignment	: 64
address sizes	: 39 bits physical, 48 bits virtual
power management:

processor	: 1
vendor_id	: GenuineIntel
cpu family	: 6
model		: 69
model name	: Intel(R) Core(TM) i7-4500U CPU @ 1.80GHz
stepping	: 1
microcode	: 0x23
cpu MHz		: 2473.388
cache size	: 4096 KB
physical id	: 0
siblings	: 4
core id		: 0
cpu cores	: 2
apicid		: 1
initial apicid	: 1
fpu		: yes
fpu_exception	: yes
cpuid level	: 13
wp		: yes
flags		: fpu vme de pse tsc msr pae mce cx8 apic sep mtrr pge mca cmov pat pse36 clflush dts acpi mmx fxsr sse sse2 ss ht tm pbe syscall nx pdpe1gb rdtscp lm constant_tsc arch_perfmon pebs bts rep_good nopl xtopology nonstop_tsc cpuid aperfmperf pni pclmulqdq dtes64 monitor ds_cpl vmx est tm2 ssse3 sdbg fma cx16 xtpr pdcm pcid sse4_1 sse4_2 movbe popcnt tsc_deadline_timer aes xsave avx f16c rdrand lahf_lm abm cpuid_fault epb invpcid_single pti ibrs ibpb stibp tpr_shadow vnmi flexpriority ept vpid fsgsbase tsc_adjust bmi1 avx2 smep bmi2 erms invpcid xsaveopt dtherm ida arat pln pts
bugs		: cpu_meltdown spectre_v1 spectre_v2 spec_store_bypass
bogomips	: 4788.79
clflush size	: 64
cache_alignment	: 64
address sizes	: 39 bits physical, 48 bits virtual
power management:

processor	: 2
vendor_id	: GenuineIntel
cpu family	: 6
model		: 69
model name	: Intel(R) Core(TM) i7-4500U CPU @ 1.80GHz
stepping	: 1
microcode	: 0x23
cpu MHz		: 2423.998
cache size	: 4096 KB
physical id	: 0
siblings	: 4
core id		: 1
cpu cores	: 2
apicid		: 2
initial apicid	: 2
fpu		: yes
fpu_exception	: yes
cpuid level	: 13
wp		: yes
flags		: fpu vme de pse tsc msr pae mce cx8 apic sep mtrr pge mca cmov pat pse36 clflush dts acpi mmx fxsr sse sse2 ss ht tm pbe syscall nx pdpe1gb rdtscp lm constant_tsc arch_perfmon pebs bts rep_good nopl xtopology nonstop_tsc cpuid aperfmperf pni pclmulqdq dtes64 monitor ds_cpl vmx est tm2 ssse3 sdbg fma cx16 xtpr pdcm pcid sse4_1 sse4_2 movbe popcnt tsc_deadline_timer aes xsave avx f16c rdrand lahf_lm abm cpuid_fault epb invpcid_single pti ibrs ibpb stibp tpr_shadow vnmi flexpriority ept vpid fsgsbase tsc_adjust bmi1 avx2 smep bmi2 erms invpcid xsaveopt dtherm ida arat pln pts
bugs		: cpu_meltdown spectre_v1 spectre_v2 spec_store_bypass
bogomips	: 4788.79
clflush size	: 64
cache_alignment	: 64
address sizes	: 39 bits physical, 48 bits virtual
power management:

processor	: 3
vendor_id	: GenuineIntel
cpu family	: 6
model		: 69
model name	: Intel(R) Core(TM) i7-4500U CPU @ 1.80GHz
stepping	: 1
microcode	: 0x23
cpu MHz		: 2479.721
cache size	: 4096 KB
physical id	: 0
siblings	: 4
core id		: 1
cpu cores	: 2
apicid		: 3
initial apicid	: 3
fpu		: yes
fpu_exception	: yes
cpuid level	: 13
wp		: yes
flags		: fpu vme de pse tsc msr pae mce cx8 apic sep mtrr pge mca cmov pat pse36 clflush dts acpi mmx fxsr sse sse2 ss ht tm pbe syscall nx pdpe1gb rdtscp lm constant_tsc arch_perfmon pebs bts rep_good nopl xtopology nonstop_tsc cpuid aperfmperf pni pclmulqdq dtes64 monitor ds_cpl vmx est tm2 ssse3 sdbg fma cx16 xtpr pdcm pcid sse4_1 sse4_2 movbe popcnt tsc_deadline_timer aes xsave avx f16c rdrand lahf_lm abm cpuid_fault epb invpcid_single pti ibrs ibpb stibp tpr_shadow vnmi flexpriority ept vpid fsgsbase tsc_adjust bmi1 avx2 smep bmi2 erms invpcid xsaveopt dtherm ida arat pln pts
bugs		: cpu_meltdown spectre_v1 spectre_v2 spec_store_bypass
bogomips	: 4788.79
clflush size	: 64
cache_alignment	: 64
address sizes	: 39 bits physical, 48 bits virtual
power management:



Memory: 4k page, physical 8082556k(105752k free), swap 2097148k(0k free)

vm_info: OpenJDK 64-Bit Server VM (25.212-b03) for linux-amd64 JRE (1.8.0_212-8u212-b03-0ubuntu1.18.04.1-b03), built on Apr 26 2019 01:04:36 by "buildd" with gcc 7.3.0

time: Sun Jun  9 08:47:52 2019
timezone: EDT
elapsed time: 61 seconds (0d 0h 1m 1s)

